2025-07-22 10:41:31.324589 M5: Walk-forward finished. Total reward: 13679.379999999908
2025-07-22 10:41:31.654599 M15: Walk-forward finished. Total reward: 5399.103999999994
2025-07-22 10:41:31.951181 H1: Walk-forward finished. Total reward: 20500.21999999993
2025-07-22 10:41:32.264662 H4: Walk-forward finished. Total reward: 2115.982000000001
2025-07-22 10:41:32.576391 D1: Walk-forward finished. Total reward: 295963.3290000001
2025-07-22 10:41:32.588185 Walk-forward backtest complete. Results saved to C:\Users\open\Documents\ZENO_XAUUSD\logs\walkforward_results.csv
2025-07-22 11:08:37.039324 M5: Walk-forward finished. Total reward: 13679.379999999908
2025-07-22 11:08:37.355044 M15: Walk-forward finished. Total reward: 5399.103999999994
2025-07-22 11:08:37.662461 H1: Walk-forward finished. Total reward: 20500.21999999993
2025-07-22 11:08:37.997070 H4: Walk-forward finished. Total reward: 2115.982000000001
2025-07-22 11:08:38.310182 D1: Walk-forward finished. Total reward: 295963.3290000001
2025-07-22 11:08:38.315972 Walk-forward backtest complete. Results saved to C:\Users\open\Documents\ZENO_XAUUSD\logs\walkforward_results.csv
2025-07-22 11:13:16.562713 M5: Walk-forward finished. Total reward: 13679.379999999908
2025-07-22 11:13:16.979590 M15: Walk-forward finished. Total reward: 5399.103999999994
2025-07-22 11:13:17.339262 H1: Walk-forward finished. Total reward: 20500.21999999993
2025-07-22 11:13:17.719185 H4: Walk-forward finished. Total reward: 2115.982000000001
2025-07-22 11:13:18.099316 D1: Walk-forward finished. Total reward: 295963.3290000001
2025-07-22 11:13:18.099316 Walk-forward backtest complete. Results saved to C:\Users\open\Documents\ZENO_XAUUSD\logs\walkforward_results.csv
2025-07-22 11:20:32.969440 M5: Walk-forward finished. Total reward: 13679.379999999908
2025-07-22 11:20:33.260030 M15: Walk-forward finished. Total reward: 5399.103999999994
2025-07-22 11:20:33.530963 H1: Walk-forward finished. Total reward: 20500.21999999993
2025-07-22 11:20:33.819560 H4: Walk-forward finished. Total reward: 2115.982000000001
2025-07-22 11:20:34.102515 D1: Walk-forward finished. Total reward: 295963.3290000001
2025-07-22 11:20:34.110574 Walk-forward backtest complete. Results saved to C:\Users\open\Documents\ZENO_XAUUSD\logs\walkforward_results.csv
2025-07-22 11:22:56.240876 M5: Walk-forward finished. Total reward: 13679.379999999908
2025-07-22 11:22:56.530800 M15: Walk-forward finished. Total reward: 5399.103999999994
2025-07-22 11:22:56.844918 H1: Walk-forward finished. Total reward: 20500.21999999993
2025-07-22 11:22:57.133300 H4: Walk-forward finished. Total reward: 2115.982000000001
2025-07-22 11:22:57.429343 D1: Walk-forward finished. Total reward: 295963.3290000001
2025-07-22 11:22:57.433619 Walk-forward backtest complete. Results saved to C:\Users\open\Documents\ZENO_XAUUSD\logs\walkforward_results.csv
2025-07-22 11:29:04.473494 M5: Walk-forward finished. Total reward: 13679.379999999908
2025-07-22 11:29:04.833379 M15: Walk-forward finished. Total reward: 5399.103999999994
2025-07-22 11:29:05.230278 H1: Walk-forward finished. Total reward: 20500.21999999993
2025-07-22 11:29:05.659767 H4: Walk-forward finished. Total reward: 2115.982000000001
2025-07-22 11:29:06.004956 D1: Walk-forward finished. Total reward: 295963.3290000001
2025-07-22 11:29:06.020609 Walk-forward backtest complete. Results saved to C:\Users\open\Documents\ZENO_XAUUSD\logs\walkforward_results.csv
2025-07-22 12:21:27.770688 M5: Walk-forward failed: setting an array element with a sequence. The requested array has an inhomogeneous shape after 1 dimensions. The detected shape was (2,) + inhomogeneous part.
2025-07-22 12:21:27.799802 M15: Walk-forward failed: setting an array element with a sequence. The requested array has an inhomogeneous shape after 1 dimensions. The detected shape was (2,) + inhomogeneous part.
2025-07-22 12:21:27.815120 H1: Walk-forward failed: setting an array element with a sequence. The requested array has an inhomogeneous shape after 1 dimensions. The detected shape was (2,) + inhomogeneous part.
2025-07-22 12:21:27.832130 H4: Walk-forward failed: setting an array element with a sequence. The requested array has an inhomogeneous shape after 1 dimensions. The detected shape was (2,) + inhomogeneous part.
2025-07-22 12:21:27.845253 D1: Walk-forward failed: setting an array element with a sequence. The requested array has an inhomogeneous shape after 1 dimensions. The detected shape was (2,) + inhomogeneous part.
2025-07-22 12:21:27.849447 Walk-forward backtest complete. Results saved to C:\Users\open\Documents\ZENO_XAUUSD\logs\walkforward_results.csv
2025-07-22 12:26:44.983065 M5: Walk-forward failed: Observation spaces do not match: Box(-inf, inf, (6,), float32) != Box(-inf, inf, (7,), float32)
2025-07-22 12:26:44.989618 M15: Walk-forward failed: Observation spaces do not match: Box(-inf, inf, (6,), float32) != Box(-inf, inf, (7,), float32)
2025-07-22 12:26:44.999361 H1: Walk-forward failed: Observation spaces do not match: Box(-inf, inf, (6,), float32) != Box(-inf, inf, (7,), float32)
2025-07-22 12:26:45.004410 H4: Walk-forward failed: Observation spaces do not match: Box(-inf, inf, (6,), float32) != Box(-inf, inf, (7,), float32)
2025-07-22 12:26:45.009422 D1: Walk-forward failed: Observation spaces do not match: Box(-inf, inf, (6,), float32) != Box(-inf, inf, (7,), float32)
2025-07-22 12:26:45.020303 Walk-forward backtest complete. Results saved to C:\Users\open\Documents\ZENO_XAUUSD\logs\walkforward_results.csv
2025-07-22 12:36:57.304203 M5: Walk-forward finished. Total reward: 13679.379999999908
2025-07-22 12:36:57.610137 M15: Walk-forward finished. Total reward: 5399.103999999994
2025-07-22 12:36:57.933394 H1: Walk-forward finished. Total reward: 20500.21999999993
2025-07-22 12:36:58.260744 H4: Walk-forward finished. Total reward: 2115.982000000001
2025-07-22 12:36:58.590268 D1: Walk-forward finished. Total reward: 295963.3290000001
2025-07-22 12:36:58.606284 Walk-forward backtest complete. Results saved to C:\Users\open\Documents\ZENO_XAUUSD\logs\walkforward_results.csv
2025-07-22 12:42:58.165127 M5: Walk-forward finished. Total reward: 136793.7999999991
2025-07-22 12:42:58.470404 M15: Walk-forward finished. Total reward: 53991.03999999994
2025-07-22 12:42:58.765521 H1: Walk-forward finished. Total reward: 205002.19999999925
2025-07-22 12:42:59.061912 H4: Walk-forward finished. Total reward: 21159.82000000002
2025-07-22 12:42:59.353023 D1: Walk-forward finished. Total reward: 2959633.289999998
2025-07-22 12:42:59.353023 Walk-forward backtest complete. Results saved to C:\Users\open\Documents\ZENO_XAUUSD\logs\walkforward_results.csv
2025-07-22 12:47:05.667853 M5: Walk-forward finished. Total reward: 502.2199999999975
2025-07-22 12:47:05.972955 M15: Walk-forward finished. Total reward: 606.470000000013
2025-07-22 12:47:06.300135 H1: Walk-forward finished. Total reward: 1069.8299999999972
2025-07-22 12:47:06.602051 H4: Walk-forward finished. Total reward: 3904.949999999999
2025-07-22 12:47:06.899875 D1: Walk-forward finished. Total reward: 13637.19
2025-07-22 12:47:06.920187 Walk-forward backtest complete. Results saved to C:\Users\open\Documents\ZENO_XAUUSD\logs\walkforward_results.csv
2025-07-22 12:56:25.419637 M5: Walk-forward finished. Total reward: 502.2199999999975
2025-07-22 12:56:25.690282 M15: Walk-forward finished. Total reward: 606.470000000013
2025-07-22 12:56:25.970259 H1: Walk-forward finished. Total reward: 1069.8299999999972
2025-07-22 12:56:26.266920 H4: Walk-forward finished. Total reward: 3904.949999999999
2025-07-22 12:56:26.564982 D1: Walk-forward finished. Total reward: 13637.19
2025-07-22 12:56:26.571670 Walk-forward backtest complete. Results saved to C:\Users\open\Documents\ZENO_XAUUSD\logs\walkforward_results.csv
2025-07-22 12:59:57.420301 M5: Walk-forward finished. Total reward: 502.2199999999975
2025-07-22 12:59:57.721691 M15: Walk-forward finished. Total reward: 606.470000000013
2025-07-22 12:59:58.022484 H1: Walk-forward finished. Total reward: 1069.8299999999972
2025-07-22 12:59:58.329855 H4: Walk-forward finished. Total reward: 3904.949999999999
2025-07-22 12:59:58.622457 D1: Walk-forward finished. Total reward: 13637.19
2025-07-22 12:59:58.630885 Walk-forward backtest complete. Results saved to C:\Users\open\Documents\ZENO_XAUUSD\logs\walkforward_results.csv
